1099 1135 1232 1107 1438 1139 1237 1062 1355 1232 1183 1383 1249 1141 1116 1228 1188 1312 1262 1210 1189 1304 1431 1161 1186 1143 1035 1331 1203 1131 1192 1100 1171 1165 1189 1212 1223 1258 1249 1305 1195 1094 1198 1131 1068 1247 1176 1199 1344 1203 
1236 1203 1415 1284 1545 1220 1401 1240 1458 1385 1411 1510 1371 1217 1284 1395 1260 1412 1417 1420 1379 1376 1481 1214 1273 1242 1172 1476 1436 1252 1325 1302 1305 1296 1295 1417 1366 1414 1437 1590 1433 1265 1321 1313 1146 1426 1305 1312 1614 1352 
1231 1173 1326 1166 1406 1184 1264 1190 1446 1262 1286 1317 1278 1233 1235 1177 1186 1381 1332 1391 1247 1381 1462 1156 1206 1215 1197 1362 1260 1211 1294 1247 1274 1219 1214 1329 1344 1318 1293 1507 1324 1162 1323 1338 1153 1402 1209 1326 1430 1162 
1101 1195 1227 1093 1352 1049 1286 1042 1358 1166 1230 1176 1291 1078 1132 1229 1222 1353 1204 1368 1237 1323 1408 1142 1207 1076 1090 1308 1232 1165 1184 1179 1249 1063 1100 1254 1279 1296 1201 1302 1318 1121 1197 1210 1101 1344 1140 1216 1403 1017 
1113 1048 1248 1136 1266 1086 1181 1022 1318 1149 1142 1195 1186 1013 1213 1200 1160 1312 1244 1219 1178 1243 1339 1021 1149 1119 1054 1232 1249 1070 1049 1052 1110 1080 1091 1133 1317 1229 1279 1341 1243 1090 1145 1111 1053 1320 1146 1233 1236 1090 
1164 1155 1299 1132 1343 1083 1211 1062 1359 1270 1175 1319 1334 1170 1189 1227 1192 1375 1248 1270 1212 1334 1426 1123 1135 1111 1097 1325 1292 1112 1179 1200 1166 1097 1219 1320 1161 1291 1285 1421 1255 1143 1284 1160 1163 1318 1199 1215 1409 1215 
1045 1117 1164 1067 1353 1034 1190 1045 1301 1154 1119 1214 1120 1144 1114 1176 1100 1197 1199 1223 1156 1233 1273 1058 1056 1047 909 1155 1251 1113 1149 1031 1107 1060 1083 1113 1111 1119 1323 1193 1193 1063 1175 1258 1003 1128 1039 1222 1347 1125 
1310 1340 1397 1307 1550 1248 1309 1206 1583 1441 1285 1340 1449 1358 1419 1304 1373 1541 1402 1452 1426 1536 1578 1239 1245 1288 1305 1492 1452 1334 1359 1299 1397 1268 1348 1536 1502 1346 1451 1559 1382 1278 1414 1378 1283 1538 1364 1444 1604 1217 
1209 1284 1289 1206 1441 1170 1359 1171 1425 1332 1298 1342 1445 1232 1275 1300 1380 1462 1396 1358 1306 1403 1454 1183 1258 1137 1157 1338 1400 1268 1307 1319 1301 1244 1194 1357 1291 1311 1394 1466 1361 1238 1309 1296 1105 1463 1200 1260 1480 1219 
999 1058 1119 951 1314 1015 1102 1022 1247 1084 1063 1153 1188 1037 1040 1069 1043 1116 1193 1210 1100 1232 1294 966 1070 1037 929 1209 1060 1082 1085 1048 1077 982 999 1152 1097 1105 1101 1274 1213 1035 1170 1139 961 1171 980 1072 1266 1038 
1229 1266 1343 1209 1525 1193 1258 1162 1376 1331 1347 1410 1400 1156 1183 1242 1253 1330 1442 1445 1342 1373 1564 1161 1210 1173 1192 1372 1313 1219 1309 1212 1200 1188 1233 1382 1337 1352 1308 1492 1411 1201 1305 1216 1115 1366 1265 1246 1503 1240 
1259 1276 1345 1318 1550 1268 1405 1231 1485 1432 1402 1376 1483 1276 1338 1384 1341 1533 1425 1502 1391 1498 1554 1272 1264 1233 1254 1433 1445 1260 1317 1376 1341 1202 1262 1354 1404 1417 1517 1509 1447 1307 1331 1256 1253 1496 1258 1392 1607 1261 
1350 1234 1429 1233 1566 1316 1388 1230 1598 1416 1405 1393 1397 1315 1229 1337 1314 1540 1474 1425 1352 1524 1574 1236 1326 1231 1236 1364 1414 1223 1391 1268 1362 1216 1294 1317 1370 1389 1416 1507 1489 1308 1417 1379 1279 1528 1215 1412 1454 1314 
1332 1235 1328 1248 1382 1231 1233 1253 1500 1402 1232 1344 1403 1282 1286 1343 1271 1533 1455 1337 1235 1483 1563 1180 1272 1124 1309 1339 1389 1220 1334 1201 1332 1197 1284 1409 1457 1319 1403 1447 1373 1246 1298 1312 1226 1446 1232 1307 1410 1238 
1144 1091 1219 1086 1322 1076 1171 1069 1281 1202 1250 1268 1239 1078 1174 1107 1082 1188 1225 1218 1212 1259 1286 1081 1145 1102 1059 1326 1203 1116 1183 1091 1179 1174 1097 1256 1224 1191 1200 1372 1143 1022 1174 1209 1047 1236 1157 1171 1391 1172 
1192 1169 1306 1282 1281 1158 1232 1183 1407 1304 1229 1246 1411 1189 1253 1283 1152 1409 1209 1342 1242 1396 1386 1134 1104 1119 1181 1279 1289 1179 1216 1187 1287 1132 1217 1375 1290 1336 1262 1345 1315 1118 1236 1234 1100 1398 1188 1227 1436 1172 
1174 1178 1230 1123 1364 1066 1214 1118 1369 1259 1222 1336 1250 1198 1150 1271 1169 1340 1231 1352 1238 1339 1436 1140 1208 1101 1164 1368 1273 1241 1229 1158 1251 1245 1142 1247 1244 1244 1321 1334 1276 1154 1331 1273 1082 1302 1141 1241 1447 1121 
1261 1283 1353 1222 1452 1150 1254 1180 1480 1264 1360 1421 1383 1320 1308 1337 1214 1458 1285 1335 1270 1403 1413 1192 1207 1234 1207 1441 1416 1270 1278 1240 1298 1228 1227 1435 1334 1359 1364 1422 1270 1204 1356 1309 1223 1439 1249 1274 1560 1300 
1202 1220 1225 1082 1264 1135 1234 1108 1319 1263 1307 1224 1301 1134 1118 1196 1180 1463 1206 1315 1131 1325 1292 1169 1162 1073 1077 1367 1316 1050 1149 1140 1255 1077 1182 1266 1249 1190 1315 1322 1219 1061 1200 1241 1111 1365 1105 1276 1350 1147 
1045 1114 1243 1116 1187 920 1131 1016 1175 1154 1046 1165 1195 1036 1079 1186 1129 1268 1092 1152 1105 1134 1320 918 1068 1008 1053 1184 1136 1075 1176 1190 1226 1072 1130 1230 1114 1191 1138 1273 1253 1047 1156 1068 992 1225 1095 1045 1320 1043 
1071 1177 1207 1174 1260 1035 1150 1068 1255 1157 1177 1234 1204 1115 1224 1158 1181 1243 1172 1151 1147 1268 1268 1011 1019 1026 1037 1186 1277 1127 1149 1102 1173 1092 1049 1245 1213 1124 1252 1262 1204 1084 1166 1129 1005 1260 1083 1084 1281 1117 
1275 1277 1328 1257 1438 1168 1350 1153 1448 1250 1357 1388 1393 1264 1279 1292 1248 1326 1391 1445 1289 1458 1500 1229 1223 1158 1185 1430 1384 1345 1267 1210 1293 1121 1220 1361 1343 1365 1372 1515 1393 1267 1354 1314 1186 1351 1275 1309 1529 1223 
1127 1146 1336 1125 1384 1083 1208 1030 1276 1299 1158 1253 1264 1054 1252 1208 1172 1315 1302 1291 1210 1265 1477 1137 1137 1174 1122 1299 1267 1133 1056 1251 1131 1154 1196 1273 1282 1282 1271 1424 1276 1074 1229 1229 1102 1300 1296 1187 1307 1066 
1129 1115 1232 1077 1337 1043 1248 1093 1332 1153 1180 1242 1198 1027 1089 1190 1106 1294 1275 1192 1104 1268 1324 1106 1163 1023 1064 1251 1158 1068 1153 1114 1118 1124 1129 1241 1189 1318 1246 1300 1212 1075 1161 1195 1048 1237 1132 1157 1321 1120 
916 972 1049 910 1094 882 970 912 1044 1007 1039 1018 1009 954 1028 994 927 949 1065 1078 1067 1070 1033 859 935 878 919 1073 1070 984 968 939 904 914 901 1016 970 1000 1105 1119 1021 907 997 1061 845 1012 923 1012 1171 898 
1286 1293 1295 1163 1544 1155 1255 1191 1461 1267 1329 1370 1319 1222 1303 1261 1263 1449 1281 1368 1299 1428 1540 1192 1241 1247 1108 1359 1365 1295 1349 1244 1334 1267 1150 1319 1225 1368 1302 1392 1368 1198 1348 1393 1183 1443 1243 1276 1517 1199 
1187 1177 1263 1264 1412 1199 1257 1062 1405 1190 1246 1238 1398 1141 1255 1258 1173 1441 1157 1286 1247 1403 1335 1160 1178 1148 1096 1278 1289 1106 1156 1243 1284 1108 1150 1231 1224 1375 1316 1362 1285 1144 1256 1228 1169 1318 1086 1213 1475 1158 
1326 1193 1223 1162 1382 1184 1223 1034 1396 1290 1220 1263 1314 1195 1221 1165 1206 1408 1269 1211 1228 1363 1384 1161 1150 1080 1151 1189 1365 1124 1185 1194 1212 1043 1178 1329 1251 1270 1277 1333 1351 1151 1231 1229 1160 1423 1211 1211 1419 1175 
1044 983 1177 1067 1315 1050 1179 1112 1323 1178 1034 1163 1175 1029 1086 1171 1088 1189 1207 1132 1176 1293 1236 1011 1043 1040 991 1170 1159 1069 1128 998 1106 1128 1104 1195 1129 1152 1246 1268 1177 1067 1193 1221 990 1184 1018 1115 1294 1096 
1143 1194 1254 1148 1229 1152 1201 1113 1231 1221 1171 1205 1414 1091 1172 1250 1174 1364 1170 1233 1246 1229 1295 1063 1244 1153 1098 1335 1270 1127 1171 1260 1263 1113 1131 1167 1149 1233 1278 1344 1269 1044 1169 1214 1094 1323 1099 1250 1377 1141 
1174 1246 1289 1183 1400 1116 1333 1126 1482 1293 1327 1342 1287 1279 1293 1281 1208 1386 1304 1286 1263 1360 1402 1163 1160 1149 1264 1349 1431 1240 1253 1222 1231 1144 1183 1424 1357 1210 1430 1392 1238 1180 1335 1251 1175 1403 1221 1315 1474 1187 
1115 1120 1225 1082 1296 1040 1165 1035 1451 1236 1175 1225 1217 1158 1119 1131 1189 1317 1263 1176 1093 1343 1344 1055 1043 1041 1167 1177 1276 1094 1206 1059 1087 1057 1079 1337 1222 1172 1229 1257 1222 1096 1239 1273 1059 1330 1173 1176 1242 1055 
1049 1095 1268 1184 1253 1073 1149 1072 1188 1243 1162 1186 1189 1150 1195 1150 1165 1303 1218 1293 1174 1212 1323 997 1022 1044 972 1219 1248 1102 1178 1112 1170 989 1136 1206 1178 1155 1260 1306 1207 1037 1152 1070 996 1224 1078 1166 1312 1165 
1205 1068 1215 1046 1372 1117 1153 1178 1302 1254 1240 1290 1225 1121 1163 1236 1077 1320 1357 1286 1194 1221 1429 1084 1268 1102 1114 1220 1235 1094 1163 1127 1177 1185 1139 1120 1121 1249 1301 1319 1228 1112 1176 1237 1123 1272 1150 1267 1388 1147 
1149 1064 1212 1092 1263 1097 1057 1043 1290 1188 1149 1238 1193 1202 1136 1197 1093 1338 1275 1166 1102 1280 1304 986 1081 1077 1032 1189 1270 1048 1105 1067 1067 1011 1109 1149 1158 1181 1352 1275 1188 1062 1169 1162 1058 1302 1096 1173 1275 1161 
1257 1307 1276 1168 1335 1181 1160 1136 1342 1236 1241 1286 1413 1210 1233 1273 1226 1504 1283 1279 1128 1390 1406 1130 1149 1104 1132 1325 1373 1069 1149 1166 1191 1109 1217 1245 1187 1251 1355 1326 1282 1142 1259 1289 1186 1349 1153 1332 1345 1136 
1163 1206 1278 1141 1266 1055 1185 1062 1294 1209 1183 1226 1313 1209 1174 1171 1212 1323 1203 1279 1115 1325 1379 1093 1143 1059 1087 1260 1239 1114 1234 1193 1272 1116 1184 1268 1299 1250 1214 1387 1274 1141 1237 1149 1098 1313 1088 1141 1342 1181 
1155 1152 1360 1208 1383 1133 1278 1127 1330 1252 1211 1315 1332 1106 1273 1295 1163 1298 1293 1304 1192 1320 1480 1164 1170 1161 1091 1236 1196 1184 1190 1193 1228 1122 1184 1232 1238 1320 1233 1371 1275 1101 1206 1213 1090 1297 1186 1259 1344 1223 
1198 1161 1213 1154 1363 1097 1359 1150 1348 1241 1231 1245 1394 1027 1124 1265 1216 1311 1331 1257 1211 1311 1429 1198 1288 1055 1201 1230 1302 1170 1167 1190 1216 1128 1161 1230 1163 1354 1298 1346 1242 1112 1228 1206 1143 1291 1194 1224 1390 1088 
1049 1035 1099 956 1154 934 1073 1001 1191 1066 1047 1117 1132 1084 977 1058 1004 1072 1129 1157 1005 1168 1225 971 1030 974 926 1141 1110 1112 1081 992 1101 918 1023 1059 1054 1059 1099 1192 1163 1025 1121 1143 957 1078 995 1041 1209 1064 
1304 1145 1255 1232 1492 1212 1327 1213 1487 1348 1238 1349 1355 1280 1347 1361 1279 1492 1420 1315 1217 1473 1445 1210 1261 1154 1132 1361 1343 1175 1248 1184 1255 1221 1267 1341 1357 1344 1471 1505 1339 1268 1234 1304 1189 1469 1221 1296 1500 1223 
1178 1216 1332 1205 1374 1069 1288 1125 1385 1226 1258 1330 1373 1227 1229 1308 1243 1360 1276 1306 1198 1290 1414 1083 1118 1092 1199 1355 1395 1202 1228 1207 1195 1158 1256 1370 1300 1283 1332 1419 1269 1213 1355 1220 1169 1292 1186 1285 1455 1135 
1205 1191 1227 1075 1354 1048 1161 1073 1346 1070 1243 1305 1287 1142 1174 1235 1171 1360 1241 1310 1159 1313 1395 1100 1212 1151 1106 1294 1227 1155 1144 1203 1215 1177 1111 1166 1235 1345 1298 1286 1228 1211 1234 1208 1123 1325 1121 1245 1402 1122 
1313 1270 1244 1159 1431 1211 1197 1209 1324 1322 1283 1381 1368 1213 1274 1230 1268 1410 1449 1394 1284 1379 1567 1113 1261 1202 1243 1298 1350 1217 1293 1216 1174 1195 1201 1325 1323 1280 1425 1428 1331 1186 1298 1273 1172 1402 1216 1247 1429 1166 
1361 1355 1478 1435 1589 1303 1448 1267 1588 1541 1415 1410 1562 1353 1401 1419 1478 1711 1506 1568 1440 1562 1680 1344 1362 1290 1371 1553 1508 1352 1429 1424 1509 1331 1377 1448 1478 1453 1597 1622 1449 1287 1453 1449 1326 1555 1376 1463 1612 1306 
1148 1207 1295 1158 1396 1033 1275 1136 1315 1268 1211 1293 1283 1176 1198 1315 1268 1350 1206 1285 1268 1308 1332 1160 1146 1115 1103 1346 1347 1123 1198 1163 1239 1203 1188 1196 1143 1238 1308 1230 1265 1130 1184 1250 1142 1337 1142 1243 1340 1095 
1261 1175 1363 1196 1477 1166 1328 1147 1503 1336 1355 1340 1330 1219 1256 1293 1178 1362 1384 1347 1335 1474 1462 1202 1238 1185 1233 1353 1264 1171 1286 1240 1233 1201 1276 1393 1380 1358 1350 1442 1266 1175 1296 1311 1192 1403 1268 1300 1458 1202 
1217 1124 1258 1188 1362 1237 1163 1158 1265 1298 1155 1353 1341 1246 1253 1245 1179 1402 1299 1330 1203 1327 1448 1089 1175 1211 1097 1341 1244 1179 1205 1241 1208 1161 1258 1249 1217 1287 1351 1467 1286 1176 1260 1226 1116 1315 1151 1224 1406 1177 
1430 1260 1449 1316 1542 1302 1363 1261 1583 1531 1468 1472 1465 1328 1435 1401 1321 1580 1521 1508 1439 1536 1574 1274 1343 1298 1356 1486 1468 1309 1339 1319 1329 1325 1376 1523 1458 1493 1489 1584 1391 1287 1381 1404 1235 1617 1432 1468 1637 1315 
1165 1166 1307 1201 1421 1025 1227 1020 1397 1250 1253 1331 1218 1135 1218 1234 1147 1322 1349 1260 1161 1348 1468 1120 1182 1149 1210 1275 1289 1108 1144 1133 1198 1217 1148 1248 1282 1320 1253 1369 1225 1149 1234 1112 1146 1359 1267 1188 1316 1143 
